<?xml version="1.0" encoding="UTF-8"?>
<!-- Generated by org.testng.reporters.JUnitXMLReporter -->
<testsuite ignored="2" hostname="DESKTOP-KJ5BE7L" failures="1" tests="3" name="Test" time="45.461" errors="0" timestamp="2022-02-03T14:06:49 PKT">
  <testcase classname="Tests.BaseClass" name="test" time="0.01"/>
  <testcase classname="Tests.BaseClass" name="test" time="0.002"/>
  <testcase classname="Tests.TestVeeDoc_Login" name="login" time="10.705">
    <failure type="java.lang.ClassCastException" message="class java.lang.String cannot be cast to class java.util.Map (java.lang.String and java.util.Map are in module java.base of loader &amp;apos;bootstrap&amp;apos;)">
      <![CDATA[java.lang.ClassCastException: class java.lang.String cannot be cast to class java.util.Map (java.lang.String and java.util.Map are in module java.base of loader 'bootstrap')
at Utilities.YmlUtil.getDataYML(YmlUtil.java:24)
at Pages.Page_VeeDocLogin.Login(Page_VeeDocLogin.java:30)
at Tests.TestVeeDoc_Login.login(TestVeeDoc_Login.java:21)
at java.base/java.util.ArrayList.forEach(ArrayList.java:1511)
... Removed 27 stack frames]]>
    </failure>
  </testcase> <!-- login -->
  <testcase classname="Tests.BaseClass" name="@BeforeTest setup" time="0.0">
    <ignored/>
  </testcase> <!-- @BeforeTest setup -->
  <testcase classname="Tests.BaseClass" name="@AfterTest teardown" time="0.0">
    <ignored/>
  </testcase> <!-- @AfterTest teardown -->
</testsuite> <!-- Test -->
