<?xml version="1.0" encoding="UTF-8"?>
<testng-results ignored="0" total="1" passed="1" failed="0" skipped="0">
  <reporter-output>
  </reporter-output>
  <suite started-at="2022-02-24T11:06:29 PKT" name="Default suite" finished-at="2022-02-24T11:07:21 PKT" duration-ms="52244">
    <groups>
    </groups>
    <test started-at="2022-02-24T11:06:29 PKT" name="Default test" finished-at="2022-02-24T11:07:21 PKT" duration-ms="52244">
      <class name="Tests.TestVeedoc_QuickAppointment">
        <test-method is-config="true" signature="setupReport()[pri:0, instance:Tests.TestVeedoc_QuickAppointment@3c72f59f]" started-at="2022-02-24T11:06:29 PKT" name="setupReport" finished-at="2022-02-24T11:06:29 PKT" duration-ms="154" status="PASS">
          <reporter-output>
          </reporter-output>
        </test-method> <!-- setupReport -->
        <test-method is-config="true" signature="setup()[pri:0, instance:Tests.TestVeedoc_QuickAppointment@3c72f59f]" started-at="2022-02-24T11:06:29 PKT" name="setup" finished-at="2022-02-24T11:06:43 PKT" duration-ms="13496" status="PASS">
          <reporter-output>
          </reporter-output>
        </test-method> <!-- setup -->
        <test-method is-config="true" signature="before_test()[pri:0, instance:Tests.TestVeedoc_QuickAppointment@3c72f59f]" started-at="2022-02-24T11:06:43 PKT" name="before_test" finished-at="2022-02-24T11:06:43 PKT" depends-on-methods="Tests.BaseClass.setup" duration-ms="519" status="PASS">
          <reporter-output>
          </reporter-output>
        </test-method> <!-- before_test -->
        <test-method signature="QuickAppointment()[pri:0, instance:Tests.TestVeedoc_QuickAppointment@3c72f59f]" started-at="2022-02-24T11:06:43 PKT" name="QuickAppointment" finished-at="2022-02-24T11:07:21 PKT" duration-ms="38196" status="PASS">
          <reporter-output>
          </reporter-output>
        </test-method> <!-- QuickAppointment -->
        <test-method is-config="true" signature="teardown()[pri:0, instance:Tests.TestVeedoc_QuickAppointment@3c72f59f]" started-at="2022-02-24T11:07:21 PKT" name="teardown" finished-at="2022-02-24T11:07:21 PKT" duration-ms="0" status="PASS">
          <reporter-output>
          </reporter-output>
        </test-method> <!-- teardown -->
        <test-method is-config="true" signature="teardownReport()[pri:0, instance:Tests.TestVeedoc_QuickAppointment@3c72f59f]" started-at="2022-02-24T11:07:26 PKT" name="teardownReport" finished-at="2022-02-24T11:07:27 PKT" duration-ms="276" status="PASS">
          <reporter-output>
          </reporter-output>
        </test-method> <!-- teardownReport -->
      </class> <!-- Tests.TestVeedoc_QuickAppointment -->
    </test> <!-- Default test -->
  </suite> <!-- Default suite -->
</testng-results>
